<?xml version="1.0" encoding="UTF-8"?>
<!-- Generated by org.testng.reporters.JUnitReportReporter -->
<testsuite hostname="LAPTOP-FO2093R8" failures="0" tests="1" name="test_Practice.Simple_POST" time="3.554" errors="0" timestamp="2022-04-10T17:58:24 IST" skipped="0">
  <testcase classname="test_Practice.Simple_POST" name="simplePost" time="3.554"/>
  <system-out/>
</testsuite> <!-- test_Practice.Simple_POST -->
