<?xml version="1.0" encoding="UTF-8"?>
<!-- Generated by org.testng.reporters.JUnitReportReporter -->
<testsuite hostname="LAPTOP-FO2093R8" failures="0" tests="1" name="test_Practice.Simple_Get" time="3.292" errors="0" timestamp="2022-04-10T18:08:35 IST" skipped="0">
  <testcase classname="test_Practice.Simple_Get" name="simpleGetTest" time="3.292"/>
  <system-out/>
</testsuite> <!-- test_Practice.Simple_Get -->
